bin/guardian.js(1923,53): error TS2339: Property 'outputPath' does not exist on type 'void'.
bin/guardian.js(1924,39): error TS2339: Property 'size' does not exist on type 'void'.
bin/guardian.js(1925,88): error TS2339: Property 'outputPath' does not exist on type 'void'.
src/enterprise/pdf-exporter.js(257,5): error TS2362: The left-hand side of an arithmetic operation must be of type 'any', 'number', 'bigint' or an enum type.
src/enterprise/pdf-exporter.js(257,30): error TS2363: The right-hand side of an arithmetic operation must be of type 'any', 'number', 'bigint' or an enum type.
src/guardian/attempt-engine.js(90,9): error TS2322: Type '{ outcome: AttemptOutcome; steps: any[]; startedAt: string; endedAt: string; totalDurationMs: number; friction: { isFriction: boolean; signals: any[]; summary: any; reasons: any[]; thresholds: any; metrics: { ...; }; }; ... 4 more ...; discoverySignals: { ...; }; } | { ...; }' is not assignable to type 'AttemptResult'.
  Type '{ outcome: string; steps: any[]; startedAt: string; endedAt: string; totalDurationMs: number; friction: { isFriction: boolean; signals: any[]; summary: any; reasons: any[]; thresholds: any; metrics: { totalDurationMs?: undefined; stepCount?: undefined; totalRetries?: undefined; maxStepDurationMs?: undefined; }; }; ....' is not assignable to type 'AttemptResult'.
    Types of property 'outcome' are incompatible.
      Type 'string' is not assignable to type 'AttemptOutcome'.
src/guardian/attempt-engine.js(93,9): error TS2322: Type '{ outcome: AttemptOutcome; skipReason: string; steps: { id: string; type: string; target: any; status: string; startedAt: string; endedAt: string; retries: number; screenshots: any[]; }[]; ... 8 more ...; discoverySignals: { ...; }; } | { ...; }' is not assignable to type 'AttemptResult'.
  Type '{ outcome: AttemptOutcome; skipReason: string; steps: { id: string; type: string; target: any; status: string; startedAt: string; endedAt: string; retries: number; screenshots: any[]; }[]; startedAt: string; ... 7 more ...; discoverySignals: { ...; }; }' is not assignable to type 'AttemptResult'.
    Types of property 'steps' are incompatible.
      Type '{ id: string; type: string; target: any; status: string; startedAt: string; endedAt: string; retries: number; screenshots: any[]; }[]' is not assignable to type 'AttemptStep[]'.
        Property 'description' is missing in type '{ id: string; type: string; target: any; status: string; startedAt: string; endedAt: string; retries: number; screenshots: any[]; }' but required in type 'AttemptStep'.
src/guardian/attempt-engine.js(96,9): error TS2322: Type '{ outcome: AttemptOutcome; skipReason: string; steps: { id: string; type: string; target: any; status: string; startedAt: string; endedAt: string; retries: number; screenshots: any[]; }[]; ... 8 more ...; discoverySignals: { ...; }; } | { ...; }' is not assignable to type 'AttemptResult'.
  Type '{ outcome: AttemptOutcome; skipReason: string; steps: { id: string; type: string; target: any; status: string; startedAt: string; endedAt: string; retries: number; screenshots: any[]; }[]; startedAt: string; ... 7 more ...; discoverySignals: { ...; }; }' is not assignable to type 'AttemptResult'.
    Types of property 'steps' are incompatible.
      Type '{ id: string; type: string; target: any; status: string; startedAt: string; endedAt: string; retries: number; screenshots: any[]; }[]' is not assignable to type 'AttemptStep[]'.
        Property 'description' is missing in type '{ id: string; type: string; target: any; status: string; startedAt: string; endedAt: string; retries: number; screenshots: any[]; }' but required in type 'AttemptStep'.
src/guardian/attempt-engine.js(147,23): error TS2339: Property 'endedAt' does not exist on type '{ id: any; type: any; target: any; description: any; startedAt: string; retries: number; status: StepStatus; error: null; screenshots: undefined[]; }'.
src/guardian/attempt-engine.js(148,23): error TS2339: Property 'durationMs' does not exist on type '{ id: any; type: any; target: any; description: any; startedAt: string; retries: number; status: StepStatus; error: null; screenshots: undefined[]; }'.
src/guardian/attempt-engine.js(191,23): error TS2339: Property 'endedAt' does not exist on type '{ id: any; type: any; target: any; description: any; startedAt: string; retries: number; status: StepStatus; error: null; screenshots: undefined[]; }'.
src/guardian/attempt-engine.js(192,23): error TS2339: Property 'durationMs' does not exist on type '{ id: any; type: any; target: any; description: any; startedAt: string; retries: number; status: StepStatus; error: null; screenshots: undefined[]; }'.
src/guardian/attempt-engine.js(219,29): error TS2339: Property 'domPath' does not exist on type '{ id: any; type: any; target: any; description: any; startedAt: string; retries: number; status: StepStatus; error: null; screenshots: undefined[]; }'.
src/guardian/attempt-engine.js(241,27): error TS2339: Property 'domPath' does not exist on type '{ id: any; type: any; target: any; description: any; startedAt: string; retries: number; status: StepStatus; error: null; screenshots: undefined[]; }'.
src/guardian/attempt-engine.js(303,63): error TS2339: Property 'durationMs' does not exist on type '{ id: any; type: any; target: any; description: any; startedAt: string; retries: number; status: StepStatus; error: any; screenshots: any[]; }'.
src/guardian/attempt-engine.js(356,57): error TS2339: Property 'durationMs' does not exist on type '{ id: any; type: any; target: any; description: any; startedAt: string; retries: number; status: StepStatus; error: any; screenshots: any[]; }'.
src/guardian/attempt-engine.js(380,11): error TS2739: Type '{}' is missing the following properties from type 'FrictionMetrics': totalDurationMs, stepCount, totalRetries, maxStepDurationMs
src/guardian/attempt-engine.js(413,61): error TS2339: Property 'durationMs' does not exist on type '{ id: any; type: any; target: any; description: any; startedAt: string; retries: number; status: StepStatus; error: any; screenshots: any[]; }'.
src/guardian/attempt-engine.js(825,29): error TS2362: The left-hand side of an arithmetic operation must be of type 'any', 'number', 'bigint' or an enum type.
src/guardian/attempt-engine.js(825,39): error TS2363: The right-hand side of an arithmetic operation must be of type 'any', 'number', 'bigint' or an enum type.
src/guardian/attempt-engine.js(948,29): error TS2362: The left-hand side of an arithmetic operation must be of type 'any', 'number', 'bigint' or an enum type.
src/guardian/attempt-engine.js(948,39): error TS2363: The right-hand side of an arithmetic operation must be of type 'any', 'number', 'bigint' or an enum type.
src/guardian/attempt-engine.js(1052,29): error TS2362: The left-hand side of an arithmetic operation must be of type 'any', 'number', 'bigint' or an enum type.
src/guardian/attempt-engine.js(1052,39): error TS2363: The right-hand side of an arithmetic operation must be of type 'any', 'number', 'bigint' or an enum type.
src/guardian/attempt.js(40,5): error TS2339: Property 'browserContext' does not exist on type '{ baseUrl: string; attemptId?: string; artifactsDir?: string; enableTrace?: boolean; headful?: boolean; quiet?: boolean; timeout?: number; }'.
src/guardian/attempt.js(41,5): error TS2339: Property 'browserPage' does not exist on type '{ baseUrl: string; attemptId?: string; artifactsDir?: string; enableTrace?: boolean; headful?: boolean; quiet?: boolean; timeout?: number; }'.
src/guardian/attempt.js(108,34): error TS2339: Property 'frictionThresholds' does not exist on type '{ baseUrl: string; attemptId?: string; artifactsDir?: string; enableTrace?: boolean; headful?: boolean; quiet?: boolean; timeout?: number; }'.
src/guardian/auto-attempt-builder.js(274,3): error TS2322: Type '{ id: string; attemptId: string; name: string; goal: string; baseSteps: ({ id: string; type: string; target: any; description: string; timeout?: undefined; formData?: undefined; duration?: undefined; } | { ...; } | { ...; } | { ...; })[]; ... 4 more ...; metadata: { ...; }; }[]' is not assignable to type 'AutoAttemptDefinition[]'.
  Property 'steps' is missing in type '{ id: string; attemptId: string; name: string; goal: string; baseSteps: ({ id: string; type: string; target: any; description: string; timeout?: undefined; formData?: undefined; duration?: undefined; } | { ...; } | { ...; } | { ...; })[]; ... 4 more ...; metadata: { ...; }; }' but required in type 'AutoAttemptDefinition'.
src/guardian/baseline.js(142,9): error TS2339: Property 'code' does not exist on type 'Error'.
src/guardian/baseline.js(149,9): error TS2339: Property 'code' does not exist on type 'Error'.
src/guardian/browser-pool.js(77,14): error TS2304: Cannot find name 'BrowserContext'.
src/guardian/browser.js(49,14): error TS2304: Cannot find name 'BrowserContext'.
src/guardian/browser.js(50,14): error TS2304: Cannot find name 'Page'.
src/guardian/ci-cli.js(3,9): error TS2305: Module '"./journey-scanner"' has no exported member 'scanJourney'.
src/guardian/ci-cli.js(4,9): error TS2724: '"./intent-detector"' has no exported member named 'detectSiteIntent'. Did you mean 'detectIntent'?
src/guardian/ci-cli.js(4,27): error TS2305: Module '"./intent-detector"' has no exported member 'selectJourneyByIntent'.
src/guardian/config-validator.js(65,20): error TS8024: JSDoc '@param' tag has name 'path', but there is no parameter with that name.
src/guardian/data-guardian-detector.js(25,12): error TS2304: Cannot find name 'Page'.
src/guardian/data-guardian-detector.js(47,20): error TS2339: Property 'href' does not exist on type 'Element'.
src/guardian/data-guardian-detector.js(71,24): error TS2339: Property 'href' does not exist on type 'Element'.
src/guardian/data-guardian-detector.js(92,20): error TS2339: Property 'href' does not exist on type 'Element'.
src/guardian/decision-authority.js(107,44): error TS2741: Property 'ciMode' is missing in type '{}' but required in type '{ ciMode: boolean; }'.
src/guardian/decision-authority.js(108,25): error TS2339: Property 'runId' does not exist on type '{ ciMode: boolean; }'.
src/guardian/decision-authority.js(128,25): error TS2339: Property 'audit' does not exist on type '{ flows: any[]; attempts: any[]; rulesEngineOutput: any; journeyVerdict: string; policyEval: any; baseline: any; marketImpact: any; coverage: any; siteIntelligence: any; }'.
src/guardian/decision-authority.js(129,29): error TS2339: Property 'humanPath' does not exist on type '{ flows: any[]; attempts: any[]; rulesEngineOutput: any; journeyVerdict: string; policyEval: any; baseline: any; marketImpact: any; coverage: any; siteIntelligence: any; }'.
src/guardian/decision-authority.js(130,33): error TS2339: Property 'networkSafety' does not exist on type '{ flows: any[]; attempts: any[]; rulesEngineOutput: any; journeyVerdict: string; policyEval: any; baseline: any; marketImpact: any; coverage: any; siteIntelligence: any; }'.
src/guardian/decision-authority.js(131,34): error TS2339: Property 'secretFindings' does not exist on type '{ flows: any[]; attempts: any[]; rulesEngineOutput: any; journeyVerdict: string; policyEval: any; baseline: any; marketImpact: any; coverage: any; siteIntelligence: any; }'.
src/guardian/decision-authority.js(228,7): error TS2322: Type 'string' is not assignable to type 'FinalVerdict'.
src/guardian/decision-authority.js(229,7): error TS2322: Type 'string' is not assignable to type 'VerdictSource'.
src/guardian/decision-authority.js(230,7): error TS2322: Type '({ phase: number; source: string; suggestedVerdict: string; reasonCode: string; triggeredRuleIds: any; timestamp: number; } | { phase: string; source: string; suggestedVerdict: string; reasonCode: string; timestamp: string; })[]' is not assignable to type 'VerdictHistoryEntry[]'.
  Type '{ phase: number; source: string; suggestedVerdict: string; reasonCode: string; triggeredRuleIds: any; timestamp: number; } | { phase: string; source: string; suggestedVerdict: string; reasonCode: string; timestamp: string; }' is not assignable to type 'VerdictHistoryEntry'.
    Type '{ phase: number; source: string; suggestedVerdict: string; reasonCode: string; triggeredRuleIds: any; timestamp: number; }' is not assignable to type 'VerdictHistoryEntry'.
      Types of property 'source' are incompatible.
        Type 'string' is not assignable to type 'VerdictSource'.
src/guardian/decision-authority.js(290,7): error TS2322: Type 'string' is not assignable to type 'FinalVerdict'.
src/guardian/decision-authority.js(291,7): error TS2322: Type 'string' is not assignable to type 'VerdictSource'.
src/guardian/decision-authority.js(292,7): error TS2322: Type '{ phase: number; step: string; source: string; suggestedVerdict: string; reasonCode: string; count: number; timestamp: number; }[]' is not assignable to type 'VerdictHistoryEntry[]'.
  Type '{ phase: number; step: string; source: string; suggestedVerdict: string; reasonCode: string; count: number; timestamp: number; }' is not assignable to type 'VerdictHistoryEntry'.
    Types of property 'source' are incompatible.
      Type 'string' is not assignable to type 'VerdictSource'.
src/guardian/decision-authority.js(343,7): error TS2322: Type 'string' is not assignable to type 'FinalVerdict'.
src/guardian/decision-authority.js(344,7): error TS2322: Type 'string' is not assignable to type 'VerdictSource'.
src/guardian/decision-authority.js(345,7): error TS2322: Type '{ phase: number; step: string; source: string; suggestedVerdict: string; reasonCode: string; count: number; timestamp: number; }[]' is not assignable to type 'VerdictHistoryEntry[]'.
  Type '{ phase: number; step: string; source: string; suggestedVerdict: string; reasonCode: string; count: number; timestamp: number; }' is not assignable to type 'VerdictHistoryEntry'.
    Types of property 'source' are incompatible.
      Type 'string' is not assignable to type 'VerdictSource'.
src/guardian/decision-authority.js(395,7): error TS2322: Type 'string' is not assignable to type 'FinalVerdict'.
src/guardian/decision-authority.js(396,7): error TS2322: Type 'string' is not assignable to type 'VerdictSource'.
src/guardian/decision-authority.js(397,7): error TS2322: Type '({ phase: number; step: string; source: string; suggestedVerdict: string; reasonCode: string; count: number; timestamp: number; } | { phase: number; step: string; source: string; suggestedVerdict: string; reasonCode: string; timestamp: number; })[]' is not assignable to type 'VerdictHistoryEntry[]'.
  Type '{ phase: number; step: string; source: string; suggestedVerdict: string; reasonCode: string; count: number; timestamp: number; } | { phase: number; step: string; source: string; suggestedVerdict: string; reasonCode: string; timestamp: number; }' is not assignable to type 'VerdictHistoryEntry'.
    Type '{ phase: number; step: string; source: string; suggestedVerdict: string; reasonCode: string; count: number; timestamp: number; }' is not assignable to type 'VerdictHistoryEntry'.
      Types of property 'source' are incompatible.
        Type 'string' is not assignable to type 'VerdictSource'.
src/guardian/decision-authority.js(641,5): error TS2322: Type 'string' is not assignable to type 'FinalVerdict'.
src/guardian/decision-authority.js(642,5): error TS2322: Type 'string' is not assignable to type 'VerdictSource'.
